<?xml version="1.0" encoding="UTF-8"?>
<!-- Generated by org.testng.reporters.JUnitReportReporter -->
<testsuite hostname="Abi-pc" name="com.myselenium.selenium.FirefoxTest" tests="1" failures="1" timestamp="26 Jun 2020 20:13:39 GMT" time="0.000" errors="0">
  <testcase name="testEasy" time="0.000" classname="com.myselenium.selenium.FirefoxTest">
    <failure type="org.openqa.selenium.SessionNotCreatedException" message="session not created: No matching capabilities found
Build info: version: &#039;3.9.1&#039;, revision: &#039;63f7b50&#039;, time: &#039;2018-02-07T22:25:02.294Z&#039;
System info: host: &#039;ABI-PC&#039;, ip: &#039;192.168.229.2&#039;, os.name: &#039;Windows 10&#039;, os.arch: &#039;amd64&#039;, os.version: &#039;10.0&#039;, java.version: &#039;1.8.0_102&#039;
Driver info: driver.version: ChromeDriver
remote stacktrace: Backtrace:
	Ordinal0 [0x00007FF65297C3E2+1950690]
	Ordinal0 [0x00007FF6528DF782+1308546]
	Ordinal0 [0x00007FF652840981+657793]
	Ordinal0 [0x00007FF6527D6C79+224377]
	Ordinal0 [0x00007FF6527D678A+223114]
	Ordinal0 [0x00007FF6527D7BF1+228337]
	Ordinal0 [0x00007FF6527D51AF+217519]
	Ordinal0 [0x00007FF6527B706F+94319]
	Ordinal0 [0x00007FF6527B822E+98862]
	Ordinal0 [0x00007FF6528F8611+1410577]
	GetHandleVerifier [0x00007FF652A3DA09+656377]
	GetHandleVerifier [0x00007FF652A3D7A1+655761]
	GetHandleVerifier [0x00007FF652A540EC+748252]
	GetHandleVerifier [0x00007FF652A3E1E3+658387]
	Ordinal0 [0x00007FF6528EF0DE+1372382]
	Ordinal0 [0x00007FF6528FA1F6+1417718]
	Ordinal0 [0x00007FF652915F3D+1531709]
	BaseThreadInitThunk [0x00007FFFBDE97BD4+20]
	RtlUserThreadStart [0x00007FFFBF74CE51+33]
">
      <![CDATA[org.openqa.selenium.SessionNotCreatedException: session not created: No matching capabilities found
Build info: version: '3.9.1', revision: '63f7b50', time: '2018-02-07T22:25:02.294Z'
System info: host: 'ABI-PC', ip: '192.168.229.2', os.name: 'Windows 10', os.arch: 'amd64', os.version: '10.0', java.version: '1.8.0_102'
Driver info: driver.version: ChromeDriver
remote stacktrace: Backtrace:
	Ordinal0 [0x00007FF65297C3E2+1950690]
	Ordinal0 [0x00007FF6528DF782+1308546]
	Ordinal0 [0x00007FF652840981+657793]
	Ordinal0 [0x00007FF6527D6C79+224377]
	Ordinal0 [0x00007FF6527D678A+223114]
	Ordinal0 [0x00007FF6527D7BF1+228337]
	Ordinal0 [0x00007FF6527D51AF+217519]
	Ordinal0 [0x00007FF6527B706F+94319]
	Ordinal0 [0x00007FF6527B822E+98862]
	Ordinal0 [0x00007FF6528F8611+1410577]
	GetHandleVerifier [0x00007FF652A3DA09+656377]
	GetHandleVerifier [0x00007FF652A3D7A1+655761]
	GetHandleVerifier [0x00007FF652A540EC+748252]
	GetHandleVerifier [0x00007FF652A3E1E3+658387]
	Ordinal0 [0x00007FF6528EF0DE+1372382]
	Ordinal0 [0x00007FF6528FA1F6+1417718]
	Ordinal0 [0x00007FF652915F3D+1531709]
	BaseThreadInitThunk [0x00007FFFBDE97BD4+20]
	RtlUserThreadStart [0x00007FFFBF74CE51+33]

	at sun.reflect.NativeConstructorAccessorImpl.newInstance0(Native Method)
	at sun.reflect.NativeConstructorAccessorImpl.newInstance(NativeConstructorAccessorImpl.java:62)
	at sun.reflect.DelegatingConstructorAccessorImpl.newInstance(DelegatingConstructorAccessorImpl.java:45)
	at java.lang.reflect.Constructor.newInstance(Constructor.java:423)
	at org.openqa.selenium.remote.W3CHandshakeResponse.lambda$new$0(W3CHandshakeResponse.java:57)
	at org.openqa.selenium.remote.W3CHandshakeResponse.lambda$getResponseFunction$2(W3CHandshakeResponse.java:104)
	at org.openqa.selenium.remote.ProtocolHandshake.lambda$createSession$0(ProtocolHandshake.java:123)
	at java.util.stream.ReferencePipeline$3$1.accept(ReferencePipeline.java:193)
	at java.util.Spliterators$ArraySpliterator.tryAdvance(Spliterators.java:958)
	at java.util.stream.ReferencePipeline.forEachWithCancel(ReferencePipeline.java:126)
	at java.util.stream.AbstractPipeline.copyIntoWithCancel(AbstractPipeline.java:498)
	at java.util.stream.AbstractPipeline.copyInto(AbstractPipeline.java:485)
	at java.util.stream.AbstractPipeline.wrapAndCopyInto(AbstractPipeline.java:471)
	at java.util.stream.FindOps$FindOp.evaluateSequential(FindOps.java:152)
	at java.util.stream.AbstractPipeline.evaluate(AbstractPipeline.java:234)
	at java.util.stream.ReferencePipeline.findFirst(ReferencePipeline.java:464)
	at org.openqa.selenium.remote.ProtocolHandshake.createSession(ProtocolHandshake.java:126)
	at org.openqa.selenium.remote.ProtocolHandshake.createSession(ProtocolHandshake.java:73)
	at org.openqa.selenium.remote.HttpCommandExecutor.execute(HttpCommandExecutor.java:138)
	at org.openqa.selenium.remote.service.DriverCommandExecutor.execute(DriverCommandExecutor.java:83)
	at org.openqa.selenium.remote.RemoteWebDriver.execute(RemoteWebDriver.java:601)
	at org.openqa.selenium.remote.RemoteWebDriver.startSession(RemoteWebDriver.java:219)
	at org.openqa.selenium.remote.RemoteWebDriver.<init>(RemoteWebDriver.java:142)
	at org.openqa.selenium.chrome.ChromeDriver.<init>(ChromeDriver.java:181)
	at org.openqa.selenium.chrome.ChromeDriver.<init>(ChromeDriver.java:168)
	at org.openqa.selenium.chrome.ChromeDriver.<init>(ChromeDriver.java:123)
	at com.myselenium.selenium.EdgeTest.beforeTest(EdgeTest.java:37)
	at sun.reflect.NativeMethodAccessorImpl.invoke0(Native Method)
	at sun.reflect.NativeMethodAccessorImpl.invoke(NativeMethodAccessorImpl.java:62)
	at sun.reflect.DelegatingMethodAccessorImpl.invoke(DelegatingMethodAccessorImpl.java:43)
	at java.lang.reflect.Method.invoke(Method.java:498)
	at org.testng.internal.MethodInvocationHelper.invokeMethod(MethodInvocationHelper.java:80)
	at org.testng.internal.Invoker.invokeConfigurationMethod(Invoker.java:564)
	at org.testng.internal.Invoker.invokeConfigurations(Invoker.java:213)
	at org.testng.internal.Invoker.invokeConfigurations(Invoker.java:138)
	at org.testng.TestRunner.beforeRun(TestRunner.java:641)
	at org.testng.TestRunner.run(TestRunner.java:609)
	at org.testng.SuiteRunner.runTest(SuiteRunner.java:334)
	at org.testng.SuiteRunner.runSequentially(SuiteRunner.java:329)
	at org.testng.SuiteRunner.privateRun(SuiteRunner.java:291)
	at org.testng.SuiteRunner.run(SuiteRunner.java:240)
	at org.testng.SuiteRunnerWorker.runSuite(SuiteRunnerWorker.java:52)
	at org.testng.SuiteRunnerWorker.run(SuiteRunnerWorker.java:86)
	at org.testng.TestNG.runSuitesSequentially(TestNG.java:1198)
	at org.testng.TestNG.runSuitesLocally(TestNG.java:1123)
	at org.testng.TestNG.run(TestNG.java:1031)
	at org.apache.maven.surefire.testng.TestNGExecutor.run(TestNGExecutor.java:283)
	at org.apache.maven.surefire.testng.TestNGXmlTestSuite.execute(TestNGXmlTestSuite.java:75)
	at org.apache.maven.surefire.testng.TestNGProvider.invoke(TestNGProvider.java:120)
	at org.apache.maven.surefire.booter.ForkedBooter.invokeProviderInSameClassLoader(ForkedBooter.java:384)
	at org.apache.maven.surefire.booter.ForkedBooter.runSuitesInProcess(ForkedBooter.java:345)
	at org.apache.maven.surefire.booter.ForkedBooter.execute(ForkedBooter.java:126)
	at org.apache.maven.surefire.booter.ForkedBooter.main(ForkedBooter.java:418)
]]>
    </failure>
  </testcase> <!-- testEasy -->
</testsuite> <!-- com.myselenium.selenium.FirefoxTest -->
